<?xml version="1.0" encoding="UTF-8"?>
<testsuite xmlns:xsi="http://www.w3.org/2001/XMLSchema-instance" xsi:noNamespaceSchemaLocation="https://maven.apache.org/surefire/maven-surefire-plugin/xsd/surefire-test-report.xsd" name="fr.oxal.v2.ParserTest" time="1.922" tests="4" errors="0" skipped="0" failures="1">
  <properties>
[...]
</properties>
  <testcase name="testAllDescriptionParser" classname="fr.oxal.v2.ParserTest" time="0.603">
    <failure message="expected: &lt;&gt; but was: &lt;error testAllDescriptionParser : &#10;	class : Companion&#10;	id : 496&#10;	nameID : 28903&#10;	descriID : 35883&#10;error testAllDescriptionParser : &#10;	class : ObjectMechanism&#10;	id : 166&#10;	nameID : 5815&#10;	descriID : 11270&#10;&gt;" type="org.opentest4j.AssertionFailedError"><![CDATA[org.opentest4j.AssertionFailedError: 
expected: <> but was: <error testAllDescriptionParser : 
	class : Companion
	id : 496
	nameID : 28903
	descriID : 35883
error testAllDescriptionParser : 
	class : ObjectMechanism
	id : 166
	nameID : 5815
	descriID : 11270
>
	at fr.oxal.v2.ParserTest.baseTest(ParserTest.java:51)
	at fr.oxal.v2.ParserTest.testAllDescriptionParser(ParserTest.java:62)
]]></failure>
    <system-err><![CDATA[error wavenMath getNumber : "MultValue" : DEVELOPER - DynamicTooltip : {"type":"MultValue","referenceId":"bonus","valuesToMult":[{"type":"ConstIntegerValue","referenceId":"perOpponent","value":5},{"type":"EntityCountValue","from":{"type":"AllEntitiesSelector"},"entityFilters":[{"type":"AroundTargetFilter","targetsToCompare":{"type":"CasterHeroSelector"},"distance":{"type":"EqualsTo","dynamicValue":{"type":"ConstIntegerValue","referenceId":"","value":1}}},{"type":"TeamFilter","isIdentical":false,"reference":{"type":"CasterSelector"}}]}]}
error wavenMath getNumber : "PercentageOfValue" : DEVELOPER - DynamicTooltip : {"type":"PercentageOfValue","referenceId":"atkHero","percentage":{"type":"ConstIntegerValue","referenceId":"","value":150},"from":{"type":"CharacterActionValue","referenceId":"","entitySelector":{"type":"CasterHeroSelector"}}}
-ERROR- erreur WavenParser : ce text n'est pas parser : Mécanisme
\---
<b>DÉBUT DU TOUR</b>\_: +1\_{%PA} à votre réserve<sprite name=reserve/>.
\---
Déclenche un {#LIGHTNING[ÉCLAIR({value:perc})]} sur un adversaire aléatoire quand vous consommez votre réserve. : {value:perc})]}
[{"type":"ConstIntegerValue","referenceId":"re","value":1},{"type":"ConstIntegerValue","referenceId":"perc","value":50}]
error wavenMath getNumber : "ConstIntLevelOnlyBasedDynamicValue" : MONSTRE CHAFER - Ossuaire Funeste : {"type":"ConstIntLevelOnlyBasedDynamicValue","referenceId":"v","values":[15,17,18,20,22,24,27,30,32,36,39,43,47,52,57,63,69,76,84,92,101,111,122,135,148,163,179,197,217,238]}
-ERROR- erreur WavenParser : ce text n'est pas parser : INAMOVIBLE
Subit le double des dégâts au corps à corps.
Quand elle subit une attaque, place le sort {Spell:20122	} dans sa main. : {Spell:20122	}
[]
]]></system-err>
  </testcase>
  <testcase name="testAvailableDescriptionParser" classname="fr.oxal.v2.ParserTest" time="0.205"/>
  <testcase name="testAllNameParser" classname="fr.oxal.v2.ParserTest" time="0.134"/>
  <testcase name="testAvailableNameParser" classname="fr.oxal.v2.ParserTest" time="0.091"/>
</testsuite>